#-----------------------------------------------------------
# Vivado v2019.2 (64-bit)
# SW Build 2708876 on Wed Nov  6 21:40:23 MST 2019
# IP Build 2700528 on Thu Nov  7 00:09:20 MST 2019
# Start of session at: Sat Apr 27 14:17:23 2024
# Process ID: 21104
# Current directory: D:/Desktop/Estimating-battery-SOC-using-neural-network-main/FPGA/LSTM
# Command line: vivado.exe -gui_launcher_event rodinguilauncherevent3748 D:\Desktop\Estimating-battery-SOC-using-neural-network-main\FPGA\LSTM\LSTM.xpr
# Log file: D:/Desktop/Estimating-battery-SOC-using-neural-network-main/FPGA/LSTM/vivado.log
# Journal file: D:/Desktop/Estimating-battery-SOC-using-neural-network-main/FPGA/LSTM\vivado.jou
#-----------------------------------------------------------
start_gui
open_project D:/Desktop/Estimating-battery-SOC-using-neural-network-main/FPGA/LSTM/LSTM.xpr
Scanning sources...
Finished scanning sources
INFO: [IP_Flow 19-234] Refreshing IP repositories
INFO: [IP_Flow 19-1704] No user IP repositories specified
INFO: [IP_Flow 19-2313] Loaded Vivado IP repository 'D:/Xilinx/Vivado/2019.2/data/ip'.
open_project: Time (s): cpu = 00:00:12 ; elapsed = 00:00:09 . Memory (MB): peak = 918.938 ; gain = 277.402
update_compile_order -fileset sources_1
set_property top mux_tb [get_filesets sim_1]
set_property top_lib xil_defaultlib [get_filesets sim_1]
update_compile_order -fileset sim_1
WARNING: [IP_Flow 19-4067] Ignoring invalid widget type specified checkbox.Providing a default widget
WARNING: [IP_Flow 19-4067] Ignoring invalid widget type specified checkbox.Providing a default widget
INFO: [IP_Flow 19-3484] Absolute path of file 'd:/Desktop/Estimating-battery-SOC-using-neural-network-main/save/coe/lstm_weight_hh_l1.coe' provided. It will be converted relative to IP Instance files '../../../../../../save/coe/lstm_weight_hh_l1.coe'
create_ip -name blk_mem_gen -vendor xilinx.com -library ip -version 8.4 -module_name lstm_weight_hh_l1 -dir d:/Desktop/Estimating-battery-SOC-using-neural-network-main/FPGA/LSTM/LSTM.srcs/sources_1/ip
set_property -dict [list CONFIG.Component_Name {lstm_weight_hh_l1} CONFIG.Memory_Type {Single_Port_ROM} CONFIG.Write_Width_A {256} CONFIG.Write_Depth_A {128} CONFIG.Read_Width_A {256} CONFIG.Write_Width_B {256} CONFIG.Read_Width_B {256} CONFIG.Register_PortA_Output_of_Memory_Primitives {false} CONFIG.Load_Init_File {true} CONFIG.Coe_File {D:/Desktop/Estimating-battery-SOC-using-neural-network-main/save/coe/lstm_weight_hh_l1.coe} CONFIG.Use_RSTA_Pin {true} CONFIG.Port_A_Write_Rate {0} CONFIG.EN_SAFETY_CKT {true}] [get_ips lstm_weight_hh_l1]
WARNING: [Vivado 12-3523] Attempt to change 'Component_Name' from 'lstm_weight_hh_l1' to 'lstm_weight_hh_l1' is not allowed and is ignored.
INFO: [IP_Flow 19-3484] Absolute path of file 'd:/Desktop/Estimating-battery-SOC-using-neural-network-main/save/coe/lstm_weight_hh_l1.coe' provided. It will be converted relative to IP Instance files '../../../../../../save/coe/lstm_weight_hh_l1.coe'
generate_target {instantiation_template} [get_files d:/Desktop/Estimating-battery-SOC-using-neural-network-main/FPGA/LSTM/LSTM.srcs/sources_1/ip/lstm_weight_hh_l1/lstm_weight_hh_l1.xci]
INFO: [IP_Flow 19-1686] Generating 'Instantiation Template' target for IP 'lstm_weight_hh_l1'...
update_compile_order -fileset sources_1
generate_target all [get_files  d:/Desktop/Estimating-battery-SOC-using-neural-network-main/FPGA/LSTM/LSTM.srcs/sources_1/ip/lstm_weight_hh_l1/lstm_weight_hh_l1.xci]
INFO: [IP_Flow 19-1686] Generating 'Synthesis' target for IP 'lstm_weight_hh_l1'...
INFO: [IP_Flow 19-1686] Generating 'Simulation' target for IP 'lstm_weight_hh_l1'...
INFO: [IP_Flow 19-1686] Generating 'Miscellaneous' target for IP 'lstm_weight_hh_l1'...
INFO: [IP_Flow 19-1686] Generating 'Change Log' target for IP 'lstm_weight_hh_l1'...
catch { config_ip_cache -export [get_ips -all lstm_weight_hh_l1] }
export_ip_user_files -of_objects [get_files d:/Desktop/Estimating-battery-SOC-using-neural-network-main/FPGA/LSTM/LSTM.srcs/sources_1/ip/lstm_weight_hh_l1/lstm_weight_hh_l1.xci] -no_script -sync -force -quiet
create_ip_run [get_files -of_objects [get_fileset sources_1] d:/Desktop/Estimating-battery-SOC-using-neural-network-main/FPGA/LSTM/LSTM.srcs/sources_1/ip/lstm_weight_hh_l1/lstm_weight_hh_l1.xci]
launch_runs -jobs 4 lstm_weight_hh_l1_synth_1
[Sat Apr 27 14:28:10 2024] Launched lstm_weight_hh_l1_synth_1...
Run output will be captured here: D:/Desktop/Estimating-battery-SOC-using-neural-network-main/FPGA/LSTM/LSTM.runs/lstm_weight_hh_l1_synth_1/runme.log
export_simulation -of_objects [get_files d:/Desktop/Estimating-battery-SOC-using-neural-network-main/FPGA/LSTM/LSTM.srcs/sources_1/ip/lstm_weight_hh_l1/lstm_weight_hh_l1.xci] -directory D:/Desktop/Estimating-battery-SOC-using-neural-network-main/FPGA/LSTM/LSTM.ip_user_files/sim_scripts -ip_user_files_dir D:/Desktop/Estimating-battery-SOC-using-neural-network-main/FPGA/LSTM/LSTM.ip_user_files -ipstatic_source_dir D:/Desktop/Estimating-battery-SOC-using-neural-network-main/FPGA/LSTM/LSTM.ip_user_files/ipstatic -lib_map_path [list {modelsim=D:/Desktop/Estimating-battery-SOC-using-neural-network-main/FPGA/LSTM/LSTM.cache/compile_simlib/modelsim} {questa=D:/Desktop/Estimating-battery-SOC-using-neural-network-main/FPGA/LSTM/LSTM.cache/compile_simlib/questa} {riviera=D:/Desktop/Estimating-battery-SOC-using-neural-network-main/FPGA/LSTM/LSTM.cache/compile_simlib/riviera} {activehdl=D:/Desktop/Estimating-battery-SOC-using-neural-network-main/FPGA/LSTM/LSTM.cache/compile_simlib/activehdl}] -use_ip_compiled_libs -force -quiet
WARNING: [IP_Flow 19-4067] Ignoring invalid widget type specified checkbox.Providing a default widget
WARNING: [IP_Flow 19-4067] Ignoring invalid widget type specified checkbox.Providing a default widget
INFO: [IP_Flow 19-3484] Absolute path of file 'd:/Desktop/Estimating-battery-SOC-using-neural-network-main/save/coe/lstm_bias_ih_l1.coe' provided. It will be converted relative to IP Instance files '../../../../../../save/coe/lstm_bias_ih_l1.coe'
create_ip -name blk_mem_gen -vendor xilinx.com -library ip -version 8.4 -module_name lstm_bias_ih_l1 -dir d:/Desktop/Estimating-battery-SOC-using-neural-network-main/FPGA/LSTM/LSTM.srcs/sources_1/ip
set_property -dict [list CONFIG.Component_Name {lstm_bias_ih_l1} CONFIG.Memory_Type {Single_Port_ROM} CONFIG.Write_Width_A {8} CONFIG.Write_Depth_A {128} CONFIG.Read_Width_A {8} CONFIG.Write_Width_B {8} CONFIG.Read_Width_B {8} CONFIG.Register_PortA_Output_of_Memory_Primitives {false} CONFIG.Load_Init_File {true} CONFIG.Coe_File {D:/Desktop/Estimating-battery-SOC-using-neural-network-main/save/coe/lstm_bias_ih_l1.coe} CONFIG.Use_RSTA_Pin {true} CONFIG.Port_A_Write_Rate {0} CONFIG.EN_SAFETY_CKT {true}] [get_ips lstm_bias_ih_l1]
WARNING: [Vivado 12-3523] Attempt to change 'Component_Name' from 'lstm_bias_ih_l1' to 'lstm_bias_ih_l1' is not allowed and is ignored.
INFO: [IP_Flow 19-3484] Absolute path of file 'd:/Desktop/Estimating-battery-SOC-using-neural-network-main/save/coe/lstm_bias_ih_l1.coe' provided. It will be converted relative to IP Instance files '../../../../../../save/coe/lstm_bias_ih_l1.coe'
generate_target {instantiation_template} [get_files d:/Desktop/Estimating-battery-SOC-using-neural-network-main/FPGA/LSTM/LSTM.srcs/sources_1/ip/lstm_bias_ih_l1/lstm_bias_ih_l1.xci]
INFO: [IP_Flow 19-1686] Generating 'Instantiation Template' target for IP 'lstm_bias_ih_l1'...
update_compile_order -fileset sources_1
generate_target all [get_files  d:/Desktop/Estimating-battery-SOC-using-neural-network-main/FPGA/LSTM/LSTM.srcs/sources_1/ip/lstm_bias_ih_l1/lstm_bias_ih_l1.xci]
INFO: [IP_Flow 19-1686] Generating 'Synthesis' target for IP 'lstm_bias_ih_l1'...
INFO: [IP_Flow 19-1686] Generating 'Simulation' target for IP 'lstm_bias_ih_l1'...
INFO: [IP_Flow 19-1686] Generating 'Miscellaneous' target for IP 'lstm_bias_ih_l1'...
INFO: [IP_Flow 19-1686] Generating 'Change Log' target for IP 'lstm_bias_ih_l1'...
catch { config_ip_cache -export [get_ips -all lstm_bias_ih_l1] }
export_ip_user_files -of_objects [get_files d:/Desktop/Estimating-battery-SOC-using-neural-network-main/FPGA/LSTM/LSTM.srcs/sources_1/ip/lstm_bias_ih_l1/lstm_bias_ih_l1.xci] -no_script -sync -force -quiet
create_ip_run [get_files -of_objects [get_fileset sources_1] d:/Desktop/Estimating-battery-SOC-using-neural-network-main/FPGA/LSTM/LSTM.srcs/sources_1/ip/lstm_bias_ih_l1/lstm_bias_ih_l1.xci]
launch_runs -jobs 4 lstm_bias_ih_l1_synth_1
[Sat Apr 27 14:30:58 2024] Launched lstm_bias_ih_l1_synth_1...
Run output will be captured here: D:/Desktop/Estimating-battery-SOC-using-neural-network-main/FPGA/LSTM/LSTM.runs/lstm_bias_ih_l1_synth_1/runme.log
export_simulation -of_objects [get_files d:/Desktop/Estimating-battery-SOC-using-neural-network-main/FPGA/LSTM/LSTM.srcs/sources_1/ip/lstm_bias_ih_l1/lstm_bias_ih_l1.xci] -directory D:/Desktop/Estimating-battery-SOC-using-neural-network-main/FPGA/LSTM/LSTM.ip_user_files/sim_scripts -ip_user_files_dir D:/Desktop/Estimating-battery-SOC-using-neural-network-main/FPGA/LSTM/LSTM.ip_user_files -ipstatic_source_dir D:/Desktop/Estimating-battery-SOC-using-neural-network-main/FPGA/LSTM/LSTM.ip_user_files/ipstatic -lib_map_path [list {modelsim=D:/Desktop/Estimating-battery-SOC-using-neural-network-main/FPGA/LSTM/LSTM.cache/compile_simlib/modelsim} {questa=D:/Desktop/Estimating-battery-SOC-using-neural-network-main/FPGA/LSTM/LSTM.cache/compile_simlib/questa} {riviera=D:/Desktop/Estimating-battery-SOC-using-neural-network-main/FPGA/LSTM/LSTM.cache/compile_simlib/riviera} {activehdl=D:/Desktop/Estimating-battery-SOC-using-neural-network-main/FPGA/LSTM/LSTM.cache/compile_simlib/activehdl}] -use_ip_compiled_libs -force -quiet
WARNING: [IP_Flow 19-4067] Ignoring invalid widget type specified checkbox.Providing a default widget
WARNING: [IP_Flow 19-4067] Ignoring invalid widget type specified checkbox.Providing a default widget
INFO: [IP_Flow 19-3484] Absolute path of file 'd:/Desktop/Estimating-battery-SOC-using-neural-network-main/save/coe/lstm_bias_ih_l0.coe' provided. It will be converted relative to IP Instance files '../../../../../../save/coe/lstm_bias_ih_l0.coe'
create_ip -name blk_mem_gen -vendor xilinx.com -library ip -version 8.4 -module_name lstm_bias_ih_l0 -dir d:/Desktop/Estimating-battery-SOC-using-neural-network-main/FPGA/LSTM/LSTM.srcs/sources_1/ip
set_property -dict [list CONFIG.Component_Name {lstm_bias_ih_l0} CONFIG.Memory_Type {Single_Port_ROM} CONFIG.Write_Width_A {8} CONFIG.Write_Depth_A {128} CONFIG.Read_Width_A {8} CONFIG.Write_Width_B {8} CONFIG.Read_Width_B {8} CONFIG.Register_PortA_Output_of_Memory_Primitives {false} CONFIG.Load_Init_File {true} CONFIG.Coe_File {D:/Desktop/Estimating-battery-SOC-using-neural-network-main/save/coe/lstm_bias_ih_l0.coe} CONFIG.Use_RSTA_Pin {true} CONFIG.Output_Reset_Value_A {0} CONFIG.Port_A_Write_Rate {0} CONFIG.EN_SAFETY_CKT {true}] [get_ips lstm_bias_ih_l0]
WARNING: [Vivado 12-3523] Attempt to change 'Component_Name' from 'lstm_bias_ih_l0' to 'lstm_bias_ih_l0' is not allowed and is ignored.
INFO: [IP_Flow 19-3484] Absolute path of file 'd:/Desktop/Estimating-battery-SOC-using-neural-network-main/save/coe/lstm_bias_ih_l0.coe' provided. It will be converted relative to IP Instance files '../../../../../../save/coe/lstm_bias_ih_l0.coe'
generate_target {instantiation_template} [get_files d:/Desktop/Estimating-battery-SOC-using-neural-network-main/FPGA/LSTM/LSTM.srcs/sources_1/ip/lstm_bias_ih_l0/lstm_bias_ih_l0.xci]
INFO: [IP_Flow 19-1686] Generating 'Instantiation Template' target for IP 'lstm_bias_ih_l0'...
generate_target all [get_files  d:/Desktop/Estimating-battery-SOC-using-neural-network-main/FPGA/LSTM/LSTM.srcs/sources_1/ip/lstm_bias_ih_l0/lstm_bias_ih_l0.xci]
INFO: [IP_Flow 19-1686] Generating 'Synthesis' target for IP 'lstm_bias_ih_l0'...
INFO: [IP_Flow 19-1686] Generating 'Simulation' target for IP 'lstm_bias_ih_l0'...
INFO: [IP_Flow 19-1686] Generating 'Miscellaneous' target for IP 'lstm_bias_ih_l0'...
INFO: [IP_Flow 19-1686] Generating 'Change Log' target for IP 'lstm_bias_ih_l0'...
catch { config_ip_cache -export [get_ips -all lstm_bias_ih_l0] }
export_ip_user_files -of_objects [get_files d:/Desktop/Estimating-battery-SOC-using-neural-network-main/FPGA/LSTM/LSTM.srcs/sources_1/ip/lstm_bias_ih_l0/lstm_bias_ih_l0.xci] -no_script -sync -force -quiet
create_ip_run [get_files -of_objects [get_fileset sources_1] d:/Desktop/Estimating-battery-SOC-using-neural-network-main/FPGA/LSTM/LSTM.srcs/sources_1/ip/lstm_bias_ih_l0/lstm_bias_ih_l0.xci]
launch_runs -jobs 4 lstm_bias_ih_l0_synth_1
[Sat Apr 27 14:36:17 2024] Launched lstm_bias_ih_l0_synth_1...
Run output will be captured here: D:/Desktop/Estimating-battery-SOC-using-neural-network-main/FPGA/LSTM/LSTM.runs/lstm_bias_ih_l0_synth_1/runme.log
export_simulation -of_objects [get_files d:/Desktop/Estimating-battery-SOC-using-neural-network-main/FPGA/LSTM/LSTM.srcs/sources_1/ip/lstm_bias_ih_l0/lstm_bias_ih_l0.xci] -directory D:/Desktop/Estimating-battery-SOC-using-neural-network-main/FPGA/LSTM/LSTM.ip_user_files/sim_scripts -ip_user_files_dir D:/Desktop/Estimating-battery-SOC-using-neural-network-main/FPGA/LSTM/LSTM.ip_user_files -ipstatic_source_dir D:/Desktop/Estimating-battery-SOC-using-neural-network-main/FPGA/LSTM/LSTM.ip_user_files/ipstatic -lib_map_path [list {modelsim=D:/Desktop/Estimating-battery-SOC-using-neural-network-main/FPGA/LSTM/LSTM.cache/compile_simlib/modelsim} {questa=D:/Desktop/Estimating-battery-SOC-using-neural-network-main/FPGA/LSTM/LSTM.cache/compile_simlib/questa} {riviera=D:/Desktop/Estimating-battery-SOC-using-neural-network-main/FPGA/LSTM/LSTM.cache/compile_simlib/riviera} {activehdl=D:/Desktop/Estimating-battery-SOC-using-neural-network-main/FPGA/LSTM/LSTM.cache/compile_simlib/activehdl}] -use_ip_compiled_libs -force -quiet
WARNING: [IP_Flow 19-4067] Ignoring invalid widget type specified checkbox.Providing a default widget
WARNING: [IP_Flow 19-4067] Ignoring invalid widget type specified checkbox.Providing a default widget
INFO: [IP_Flow 19-3484] Absolute path of file 'd:/Desktop/Estimating-battery-SOC-using-neural-network-main/save/coe/lstm_bias_hh_l0.coe' provided. It will be converted relative to IP Instance files '../../../../../../save/coe/lstm_bias_hh_l0.coe'
create_ip -name blk_mem_gen -vendor xilinx.com -library ip -version 8.4 -module_name lstm_bias_hh_l0 -dir d:/Desktop/Estimating-battery-SOC-using-neural-network-main/FPGA/LSTM/LSTM.srcs/sources_1/ip
set_property -dict [list CONFIG.Component_Name {lstm_bias_hh_l0} CONFIG.Memory_Type {Single_Port_ROM} CONFIG.Write_Width_A {8} CONFIG.Write_Depth_A {128} CONFIG.Read_Width_A {8} CONFIG.Write_Width_B {8} CONFIG.Read_Width_B {8} CONFIG.Register_PortA_Output_of_Memory_Primitives {false} CONFIG.Load_Init_File {true} CONFIG.Coe_File {D:/Desktop/Estimating-battery-SOC-using-neural-network-main/save/coe/lstm_bias_hh_l0.coe} CONFIG.Use_RSTA_Pin {true} CONFIG.Port_A_Write_Rate {0} CONFIG.EN_SAFETY_CKT {true}] [get_ips lstm_bias_hh_l0]
WARNING: [Vivado 12-3523] Attempt to change 'Component_Name' from 'lstm_bias_hh_l0' to 'lstm_bias_hh_l0' is not allowed and is ignored.
INFO: [IP_Flow 19-3484] Absolute path of file 'd:/Desktop/Estimating-battery-SOC-using-neural-network-main/save/coe/lstm_bias_hh_l0.coe' provided. It will be converted relative to IP Instance files '../../../../../../save/coe/lstm_bias_hh_l0.coe'
generate_target {instantiation_template} [get_files d:/Desktop/Estimating-battery-SOC-using-neural-network-main/FPGA/LSTM/LSTM.srcs/sources_1/ip/lstm_bias_hh_l0/lstm_bias_hh_l0.xci]
INFO: [IP_Flow 19-1686] Generating 'Instantiation Template' target for IP 'lstm_bias_hh_l0'...
generate_target all [get_files  d:/Desktop/Estimating-battery-SOC-using-neural-network-main/FPGA/LSTM/LSTM.srcs/sources_1/ip/lstm_bias_hh_l0/lstm_bias_hh_l0.xci]
INFO: [IP_Flow 19-1686] Generating 'Synthesis' target for IP 'lstm_bias_hh_l0'...
INFO: [IP_Flow 19-1686] Generating 'Simulation' target for IP 'lstm_bias_hh_l0'...
INFO: [IP_Flow 19-1686] Generating 'Miscellaneous' target for IP 'lstm_bias_hh_l0'...
INFO: [IP_Flow 19-1686] Generating 'Change Log' target for IP 'lstm_bias_hh_l0'...
catch { config_ip_cache -export [get_ips -all lstm_bias_hh_l0] }
export_ip_user_files -of_objects [get_files d:/Desktop/Estimating-battery-SOC-using-neural-network-main/FPGA/LSTM/LSTM.srcs/sources_1/ip/lstm_bias_hh_l0/lstm_bias_hh_l0.xci] -no_script -sync -force -quiet
create_ip_run [get_files -of_objects [get_fileset sources_1] d:/Desktop/Estimating-battery-SOC-using-neural-network-main/FPGA/LSTM/LSTM.srcs/sources_1/ip/lstm_bias_hh_l0/lstm_bias_hh_l0.xci]
launch_runs -jobs 4 lstm_bias_hh_l0_synth_1
[Sat Apr 27 14:37:52 2024] Launched lstm_bias_hh_l0_synth_1...
Run output will be captured here: D:/Desktop/Estimating-battery-SOC-using-neural-network-main/FPGA/LSTM/LSTM.runs/lstm_bias_hh_l0_synth_1/runme.log
export_simulation -of_objects [get_files d:/Desktop/Estimating-battery-SOC-using-neural-network-main/FPGA/LSTM/LSTM.srcs/sources_1/ip/lstm_bias_hh_l0/lstm_bias_hh_l0.xci] -directory D:/Desktop/Estimating-battery-SOC-using-neural-network-main/FPGA/LSTM/LSTM.ip_user_files/sim_scripts -ip_user_files_dir D:/Desktop/Estimating-battery-SOC-using-neural-network-main/FPGA/LSTM/LSTM.ip_user_files -ipstatic_source_dir D:/Desktop/Estimating-battery-SOC-using-neural-network-main/FPGA/LSTM/LSTM.ip_user_files/ipstatic -lib_map_path [list {modelsim=D:/Desktop/Estimating-battery-SOC-using-neural-network-main/FPGA/LSTM/LSTM.cache/compile_simlib/modelsim} {questa=D:/Desktop/Estimating-battery-SOC-using-neural-network-main/FPGA/LSTM/LSTM.cache/compile_simlib/questa} {riviera=D:/Desktop/Estimating-battery-SOC-using-neural-network-main/FPGA/LSTM/LSTM.cache/compile_simlib/riviera} {activehdl=D:/Desktop/Estimating-battery-SOC-using-neural-network-main/FPGA/LSTM/LSTM.cache/compile_simlib/activehdl}] -use_ip_compiled_libs -force -quiet
WARNING: [IP_Flow 19-4067] Ignoring invalid widget type specified checkbox.Providing a default widget
WARNING: [IP_Flow 19-4067] Ignoring invalid widget type specified checkbox.Providing a default widget
INFO: [IP_Flow 19-3484] Absolute path of file 'd:/Desktop/Estimating-battery-SOC-using-neural-network-main/save/coe/lstm_bias_hh_l1.coe' provided. It will be converted relative to IP Instance files '../../../../../../save/coe/lstm_bias_hh_l1.coe'
create_ip -name blk_mem_gen -vendor xilinx.com -library ip -version 8.4 -module_name lstm_bias_hh_l1 -dir d:/Desktop/Estimating-battery-SOC-using-neural-network-main/FPGA/LSTM/LSTM.srcs/sources_1/ip
set_property -dict [list CONFIG.Component_Name {lstm_bias_hh_l1} CONFIG.Memory_Type {Single_Port_ROM} CONFIG.Write_Width_A {8} CONFIG.Write_Depth_A {128} CONFIG.Read_Width_A {8} CONFIG.Write_Width_B {8} CONFIG.Read_Width_B {8} CONFIG.Register_PortA_Output_of_Memory_Primitives {false} CONFIG.Load_Init_File {true} CONFIG.Coe_File {D:/Desktop/Estimating-battery-SOC-using-neural-network-main/save/coe/lstm_bias_hh_l1.coe} CONFIG.Use_RSTA_Pin {true} CONFIG.Port_A_Write_Rate {0} CONFIG.EN_SAFETY_CKT {true}] [get_ips lstm_bias_hh_l1]
WARNING: [Vivado 12-3523] Attempt to change 'Component_Name' from 'lstm_bias_hh_l1' to 'lstm_bias_hh_l1' is not allowed and is ignored.
INFO: [IP_Flow 19-3484] Absolute path of file 'd:/Desktop/Estimating-battery-SOC-using-neural-network-main/save/coe/lstm_bias_hh_l1.coe' provided. It will be converted relative to IP Instance files '../../../../../../save/coe/lstm_bias_hh_l1.coe'
generate_target {instantiation_template} [get_files d:/Desktop/Estimating-battery-SOC-using-neural-network-main/FPGA/LSTM/LSTM.srcs/sources_1/ip/lstm_bias_hh_l1/lstm_bias_hh_l1.xci]
INFO: [IP_Flow 19-1686] Generating 'Instantiation Template' target for IP 'lstm_bias_hh_l1'...
generate_target all [get_files  d:/Desktop/Estimating-battery-SOC-using-neural-network-main/FPGA/LSTM/LSTM.srcs/sources_1/ip/lstm_bias_hh_l1/lstm_bias_hh_l1.xci]
INFO: [IP_Flow 19-1686] Generating 'Synthesis' target for IP 'lstm_bias_hh_l1'...
INFO: [IP_Flow 19-1686] Generating 'Simulation' target for IP 'lstm_bias_hh_l1'...
INFO: [IP_Flow 19-1686] Generating 'Miscellaneous' target for IP 'lstm_bias_hh_l1'...
INFO: [IP_Flow 19-1686] Generating 'Change Log' target for IP 'lstm_bias_hh_l1'...
catch { config_ip_cache -export [get_ips -all lstm_bias_hh_l1] }
export_ip_user_files -of_objects [get_files d:/Desktop/Estimating-battery-SOC-using-neural-network-main/FPGA/LSTM/LSTM.srcs/sources_1/ip/lstm_bias_hh_l1/lstm_bias_hh_l1.xci] -no_script -sync -force -quiet
create_ip_run [get_files -of_objects [get_fileset sources_1] d:/Desktop/Estimating-battery-SOC-using-neural-network-main/FPGA/LSTM/LSTM.srcs/sources_1/ip/lstm_bias_hh_l1/lstm_bias_hh_l1.xci]
launch_runs -jobs 4 lstm_bias_hh_l1_synth_1
[Sat Apr 27 14:39:23 2024] Launched lstm_bias_hh_l1_synth_1...
Run output will be captured here: D:/Desktop/Estimating-battery-SOC-using-neural-network-main/FPGA/LSTM/LSTM.runs/lstm_bias_hh_l1_synth_1/runme.log
export_simulation -of_objects [get_files d:/Desktop/Estimating-battery-SOC-using-neural-network-main/FPGA/LSTM/LSTM.srcs/sources_1/ip/lstm_bias_hh_l1/lstm_bias_hh_l1.xci] -directory D:/Desktop/Estimating-battery-SOC-using-neural-network-main/FPGA/LSTM/LSTM.ip_user_files/sim_scripts -ip_user_files_dir D:/Desktop/Estimating-battery-SOC-using-neural-network-main/FPGA/LSTM/LSTM.ip_user_files -ipstatic_source_dir D:/Desktop/Estimating-battery-SOC-using-neural-network-main/FPGA/LSTM/LSTM.ip_user_files/ipstatic -lib_map_path [list {modelsim=D:/Desktop/Estimating-battery-SOC-using-neural-network-main/FPGA/LSTM/LSTM.cache/compile_simlib/modelsim} {questa=D:/Desktop/Estimating-battery-SOC-using-neural-network-main/FPGA/LSTM/LSTM.cache/compile_simlib/questa} {riviera=D:/Desktop/Estimating-battery-SOC-using-neural-network-main/FPGA/LSTM/LSTM.cache/compile_simlib/riviera} {activehdl=D:/Desktop/Estimating-battery-SOC-using-neural-network-main/FPGA/LSTM/LSTM.cache/compile_simlib/activehdl}] -use_ip_compiled_libs -force -quiet
WARNING: [IP_Flow 19-4067] Ignoring invalid widget type specified checkbox.Providing a default widget
WARNING: [IP_Flow 19-4067] Ignoring invalid widget type specified checkbox.Providing a default widget
WARNING: [IP_Flow 19-4067] Ignoring invalid widget type specified checkbox.Providing a default widget
WARNING: [IP_Flow 19-4067] Ignoring invalid widget type specified checkbox.Providing a default widget
WARNING: [IP_Flow 19-4067] Ignoring invalid widget type specified checkbox.Providing a default widget
WARNING: [IP_Flow 19-4067] Ignoring invalid widget type specified checkbox.Providing a default widget
WARNING: [IP_Flow 19-4067] Ignoring invalid widget type specified checkbox.Providing a default widget
WARNING: [IP_Flow 19-4067] Ignoring invalid widget type specified checkbox.Providing a default widget
WARNING: [IP_Flow 19-4067] Ignoring invalid widget type specified checkbox.Providing a default widget
WARNING: [IP_Flow 19-4067] Ignoring invalid widget type specified checkbox.Providing a default widget
WARNING: [IP_Flow 19-4067] Ignoring invalid widget type specified checkbox.Providing a default widget
WARNING: [IP_Flow 19-4067] Ignoring invalid widget type specified checkbox.Providing a default widget
WARNING: [IP_Flow 19-4067] Ignoring invalid widget type specified checkbox.Providing a default widget
WARNING: [IP_Flow 19-4067] Ignoring invalid widget type specified checkbox.Providing a default widget
WARNING: [IP_Flow 19-4067] Ignoring invalid widget type specified checkbox.Providing a default widget
WARNING: [IP_Flow 19-4067] Ignoring invalid widget type specified checkbox.Providing a default widget
WARNING: [IP_Flow 19-4067] Ignoring invalid widget type specified checkbox.Providing a default widget
WARNING: [IP_Flow 19-4067] Ignoring invalid widget type specified checkbox.Providing a default widget
exit
INFO: [Common 17-206] Exiting Vivado at Sat Apr 27 14:42:31 2024...
